<?xml version="1.0" encoding="UTF-8"?>
<!-- Generated by org.testng.reporters.JUnitReportReporter -->
<testsuite hostname="L-FR-L10246" name="com.dr.tests.SearchTicket" tests="1" failures="0" timestamp="14 Nov 2017 15:54:04 GMT" time="5.285" errors="0">
  <testcase name="verifyPageTitle" time="5.285" classname="com.dr.tests.SearchTicket"/>
</testsuite> <!-- com.dr.tests.SearchTicket -->
